<?xml version="1.0" encoding="UTF-8"?>
<testsuite name="RegisterTest" tests="3" skipped="0" failures="0" errors="0" timestamp="2021-08-05T12:30:35" hostname="DESKTOP-9IDNR2J" time="19.567">
  <properties/>
  <testcase name="registrationSuccessfully()" classname="RegisterTest" time="5.842"/>
  <testcase name="registrationUnsuccessfully()" classname="RegisterTest" time="7.852"/>
  <testcase name="usingPrivacyStatement()" classname="RegisterTest" time="5.87"/>
  <system-out><![CDATA[]]></system-out>
  <system-err><![CDATA[Starting ChromeDriver 92.0.4515.107 (87a818b10553a07434ea9e2b6dccf3cbe7895134-refs/branch-heads/4515@{#1634}) on port 35176
Only local connections are allowed.
Please see https://chromedriver.chromium.org/security-considerations for suggestions on keeping ChromeDriver safe.
ChromeDriver was started successfully.
aug. 05, 2021 2:30:36 DU org.openqa.selenium.remote.ProtocolHandshake createSession
INFO: Detected dialect: W3C
Starting ChromeDriver 92.0.4515.107 (87a818b10553a07434ea9e2b6dccf3cbe7895134-refs/branch-heads/4515@{#1634}) on port 10401
Only local connections are allowed.
Please see https://chromedriver.chromium.org/security-considerations for suggestions on keeping ChromeDriver safe.
ChromeDriver was started successfully.
aug. 05, 2021 2:30:42 DU org.openqa.selenium.remote.ProtocolHandshake createSession
INFO: Detected dialect: W3C
Starting ChromeDriver 92.0.4515.107 (87a818b10553a07434ea9e2b6dccf3cbe7895134-refs/branch-heads/4515@{#1634}) on port 48286
Only local connections are allowed.
Please see https://chromedriver.chromium.org/security-considerations for suggestions on keeping ChromeDriver safe.
ChromeDriver was started successfully.
aug. 05, 2021 2:30:50 DU org.openqa.selenium.remote.ProtocolHandshake createSession
INFO: Detected dialect: W3C
]]></system-err>
</testsuite>
